Fetching Devpost API...
Worker started, polling every 60 seconds with backoff.
Fetching Reddit JSON...
Fetching HN Algolia...
Fetching ProductHunt RSS...
Fetching GitHub Issues...
Fetching HighApe Free Events...
Fetching CNCF Events...
Fetching GDG Events...
Fetching Atlassian Events...
Fetching Meetup Events for Bangalore%2C%20IN...
Fetching Meetup Events for Mumbai%2C%20IN...
Fetching Meetup Events for San%20Francisco%2C%20CA...
Fetching Meetup Events for New%20York%2C%20NY...
Fetching HasGeek Events...
Fetching Headstart Events...
Ingestion cycle complete. Published 82 active events.
Fetching Devpost API...
Fetching Reddit JSON...
Fetching HN Algolia...
Fetching ProductHunt RSS...
Fetching GitHub Issues...
Fetching HighApe Free Events...
Fetching CNCF Events...
Fetching GDG Events...
Fetching Atlassian Events...
Fetching Meetup Events for Bangalore%2C%20IN...
Fetching Meetup Events for Mumbai%2C%20IN...
Fetching Meetup Events for San%20Francisco%2C%20CA...
Fetching Meetup Events for New%20York%2C%20NY...
Fetching HasGeek Events...
Fetching Headstart Events...
Ingestion cycle complete. Published 82 active events.
Fetching Devpost API...
Fetching Reddit JSON...
Fetching HN Algolia...
Fetching ProductHunt RSS...
Fetching GitHub Issues...
Fetching HighApe Free Events...
Fetching CNCF Events...
Fetching GDG Events...
Fetching Atlassian Events...
Fetching Meetup Events for Bangalore%2C%20IN...
Fetching Meetup Events for Mumbai%2C%20IN...
Fetching Meetup Events for San%20Francisco%2C%20CA...
Fetching Meetup Events for New%20York%2C%20NY...
Fetching HasGeek Events...
Fetching Headstart Events...
Ingestion cycle complete. Published 82 active events.
Validation cycle complete.
Fetching Devpost API...
Fetching Reddit JSON...
Fetching HN Algolia...
Fetching ProductHunt RSS...
Fetching GitHub Issues...
Fetching HighApe Free Events...
Fetching CNCF Events...
Fetching GDG Events...
Fetching Atlassian Events...
Fetching Meetup Events for Bangalore%2C%20IN...
Fetching Meetup Events for Mumbai%2C%20IN...
Fetching Meetup Events for San%20Francisco%2C%20CA...
Fetching Meetup Events for New%20York%2C%20NY...
Fetching HasGeek Events...
Fetching Headstart Events...
Ingestion cycle complete. Published 82 active events.
Fetching Devpost API...
Fetching Reddit JSON...
Fetching HN Algolia...
Fetching ProductHunt RSS...
Fetching GitHub Issues...
Fetching HighApe Free Events...
Fetching CNCF Events...
Fetching GDG Events...
Fetching Atlassian Events...
Fetching Meetup Events for Bangalore%2C%20IN...
Fetching Meetup Events for Mumbai%2C%20IN...
Fetching Meetup Events for San%20Francisco%2C%20CA...
Fetching Meetup Events for New%20York%2C%20NY...
Fetching HasGeek Events...
Fetching Headstart Events...
Ingestion cycle complete. Published 82 active events.
Validation cycle complete.
Fetching Devpost API...
Fetching Reddit JSON...
Fetching HN Algolia...
Fetching ProductHunt RSS...
Fetching GitHub Issues...
Fetching HighApe Free Events...
Fetching CNCF Events...
Fetching GDG Events...
Fetching Atlassian Events...
Fetching Meetup Events for Bangalore%2C%20IN...
Fetching Meetup Events for Mumbai%2C%20IN...
Fetching Meetup Events for San%20Francisco%2C%20CA...
Fetching Meetup Events for New%20York%2C%20NY...
Fetching HasGeek Events...
Fetching Headstart Events...
Ingestion cycle complete. Published 82 active events.
Fetching Devpost API...
Fetching Reddit JSON...
Fetching HN Algolia...
Fetching ProductHunt RSS...
Fetching GitHub Issues...
Fetching HighApe Free Events...
Fetching CNCF Events...
Fetching GDG Events...
Fetching Atlassian Events...
Fetching Meetup Events for Bangalore%2C%20IN...
Fetching Meetup Events for Mumbai%2C%20IN...
Fetching Meetup Events for San%20Francisco%2C%20CA...
Fetching Meetup Events for New%20York%2C%20NY...
Fetching HasGeek Events...
Fetching Headstart Events...
Ingestion cycle complete. Published 82 active events.
Fetching Devpost API...
Fetching Reddit JSON...
Fetching HN Algolia...
Fetching ProductHunt RSS...
Fetching GitHub Issues...
Fetching HighApe Free Events...
Fetching CNCF Events...
Fetching GDG Events...
Fetching Atlassian Events...
Fetching Meetup Events for Bangalore%2C%20IN...
Fetching Meetup Events for Mumbai%2C%20IN...
Fetching Meetup Events for San%20Francisco%2C%20CA...
Fetching Meetup Events for New%20York%2C%20NY...
Fetching HasGeek Events...
Fetching Headstart Events...
Ingestion cycle complete. Published 82 active events.
Fetching Devpost API...
Fetching Reddit JSON...
Fetching HN Algolia...
Fetching ProductHunt RSS...
Fetching GitHub Issues...
Fetching HighApe Free Events...
Fetching CNCF Events...
Fetching GDG Events...
Fetching Atlassian Events...
Fetching Meetup Events for Bangalore%2C%20IN...
Fetching Meetup Events for Mumbai%2C%20IN...
Fetching Meetup Events for San%20Francisco%2C%20CA...
Fetching Meetup Events for New%20York%2C%20NY...
Fetching HasGeek Events...
Fetching Headstart Events...
Ingestion cycle complete. Published 82 active events.
Validation cycle complete.
Fetching Devpost API...
Fetching Reddit JSON...
Fetching HN Algolia...
Fetching ProductHunt RSS...
Fetching GitHub Issues...
Fetching HighApe Free Events...
Fetching CNCF Events...
Fetching GDG Events...
Fetching Atlassian Events...
Fetching Meetup Events for Bangalore%2C%20IN...
Fetching Meetup Events for Mumbai%2C%20IN...
Fetching Meetup Events for San%20Francisco%2C%20CA...
Fetching Meetup Events for New%20York%2C%20NY...
Fetching HasGeek Events...
Fetching Headstart Events...
Ingestion cycle complete. Published 82 active events.
Fetching Devpost API...
Fetching Reddit JSON...
Fetching HN Algolia...
Fetching ProductHunt RSS...
Fetching GitHub Issues...
Fetching HighApe Free Events...
Fetching CNCF Events...
Fetching GDG Events...
Fetching Atlassian Events...
Fetching Meetup Events for Bangalore%2C%20IN...
Fetching Meetup Events for Mumbai%2C%20IN...
Fetching Meetup Events for San%20Francisco%2C%20CA...
Fetching Meetup Events for New%20York%2C%20NY...
Fetching HasGeek Events...
Fetching Headstart Events...
Ingestion cycle complete. Published 82 active events.
Fetching Devpost API...
Fetching Reddit JSON...
Fetching HN Algolia...
Fetching ProductHunt RSS...
Fetching GitHub Issues...
Fetching HighApe Free Events...
Fetching CNCF Events...
Fetching GDG Events...
Fetching Atlassian Events...
Fetching Meetup Events for Bangalore%2C%20IN...
Fetching Meetup Events for Mumbai%2C%20IN...
Fetching Meetup Events for San%20Francisco%2C%20CA...
Fetching Meetup Events for New%20York%2C%20NY...
Fetching HasGeek Events...
Fetching Headstart Events...
Ingestion cycle complete. Published 82 active events.
Validation cycle complete.
Fetching Devpost API...
Fetching Reddit JSON...
Fetching HN Algolia...
Fetching ProductHunt RSS...
Fetching GitHub Issues...
Fetching HighApe Free Events...
Fetching CNCF Events...
Fetching GDG Events...
Fetching Atlassian Events...
Fetching Meetup Events for Bangalore%2C%20IN...
Fetching Meetup Events for Mumbai%2C%20IN...
Fetching Meetup Events for San%20Francisco%2C%20CA...
Fetching Meetup Events for New%20York%2C%20NY...
Fetching HasGeek Events...
Fetching Headstart Events...
Ingestion cycle complete. Published 82 active events.
Fetching Devpost API...
Fetching Reddit JSON...
Fetching HN Algolia...
Fetching ProductHunt RSS...
Fetching GitHub Issues...
Fetching HighApe Free Events...
Fetching CNCF Events...
Fetching GDG Events...
Fetching Atlassian Events...
Fetching Meetup Events for Bangalore%2C%20IN...
Fetching Meetup Events for Mumbai%2C%20IN...
Fetching Meetup Events for San%20Francisco%2C%20CA...
Fetching Meetup Events for New%20York%2C%20NY...
Fetching HasGeek Events...
Fetching Headstart Events...
Ingestion cycle complete. Published 82 active events.
Fetching Devpost API...
Fetching Reddit JSON...
Fetching HN Algolia...
Fetching ProductHunt RSS...
Fetching GitHub Issues...
Fetching HighApe Free Events...
Fetching CNCF Events...
Fetching GDG Events...
Fetching Atlassian Events...
Fetching Meetup Events for Bangalore%2C%20IN...
Fetching Meetup Events for Mumbai%2C%20IN...
Fetching Meetup Events for San%20Francisco%2C%20CA...
Fetching Meetup Events for New%20York%2C%20NY...
Fetching HasGeek Events...
Fetching Headstart Events...
Ingestion cycle complete. Published 82 active events.
Fetching Devpost API...
Fetching Reddit JSON...
Fetching HN Algolia...
Fetching ProductHunt RSS...
Fetching GitHub Issues...
Fetching HighApe Free Events...
Fetching CNCF Events...
Fetching GDG Events...
Fetching Atlassian Events...
Fetching Meetup Events for Bangalore%2C%20IN...
Fetching Meetup Events for Mumbai%2C%20IN...
Fetching Meetup Events for San%20Francisco%2C%20CA...
Fetching Meetup Events for New%20York%2C%20NY...
Fetching HasGeek Events...
Fetching Headstart Events...
Ingestion cycle complete. Published 82 active events.
Fetching Devpost API...
Fetching Reddit JSON...
Fetching HN Algolia...
Fetching ProductHunt RSS...
Fetching GitHub Issues...
Fetching HighApe Free Events...
Fetching CNCF Events...
Fetching GDG Events...
Fetching Atlassian Events...
Fetching Meetup Events for Bangalore%2C%20IN...
Fetching Meetup Events for Mumbai%2C%20IN...
Fetching Meetup Events for San%20Francisco%2C%20CA...
Fetching Meetup Events for New%20York%2C%20NY...
Fetching HasGeek Events...
Fetching Headstart Events...
Ingestion cycle complete. Published 82 active events.
Fetching Devpost API...
Fetching Reddit JSON...
Fetching HN Algolia...
Fetching ProductHunt RSS...
Fetching GitHub Issues...
Fetching HighApe Free Events...
Fetching CNCF Events...
Fetching GDG Events...
Fetching Atlassian Events...
Fetching Meetup Events for Bangalore%2C%20IN...
Fetching Meetup Events for Mumbai%2C%20IN...
Fetching Meetup Events for San%20Francisco%2C%20CA...
Fetching Meetup Events for New%20York%2C%20NY...
Fetching HasGeek Events...
Fetching Headstart Events...
Ingestion cycle complete. Published 82 active events.
Fetching Devpost API...
Fetching Reddit JSON...
Fetching HN Algolia...
Fetching ProductHunt RSS...
Fetching GitHub Issues...
Fetching HighApe Free Events...
Fetching CNCF Events...
Fetching GDG Events...
Fetching Atlassian Events...
Fetching Meetup Events for Bangalore%2C%20IN...
Fetching Meetup Events for Mumbai%2C%20IN...
Fetching Meetup Events for San%20Francisco%2C%20CA...
Fetching Meetup Events for New%20York%2C%20NY...
Fetching HasGeek Events...
Fetching Headstart Events...
Ingestion cycle complete. Published 82 active events.
Fetching Devpost API...
Fetching Reddit JSON...
Fetching HN Algolia...
Fetching ProductHunt RSS...
Fetching GitHub Issues...
Fetching HighApe Free Events...
Fetching CNCF Events...
Fetching GDG Events...
Fetching Atlassian Events...
Fetching Meetup Events for Bangalore%2C%20IN...
Fetching Meetup Events for Mumbai%2C%20IN...
Fetching Meetup Events for San%20Francisco%2C%20CA...
Fetching Meetup Events for New%20York%2C%20NY...
Fetching HasGeek Events...
Fetching Headstart Events...
Error: could not renew lock for job repeat:285ab11ca55e67920f46ff18f3f96313:1781486760000
    at /app/free-access-hub/node_modules/bullmq/dist/cjs/classes/lock-manager.js:44:51
    at process.processTicksAndRejections (node:internal/process/task_queues:103:5)
    at async LockManager.extendLocks (/app/free-access-hub/node_modules/bullmq/dist/cjs/classes/lock-manager.js:32:9)
    at async Timeout._onTimeout (/app/free-access-hub/node_modules/bullmq/dist/cjs/classes/lock-manager.js:80:21)
Ingestion cycle complete. Published 81 active events.
Error: Missing lock for job repeat:285ab11ca55e67920f46ff18f3f96313:1781486760000. moveToFinished
    at Scripts.finishedErrors (/app/free-access-hub/node_modules/bullmq/dist/cjs/classes/scripts.js:1238:25)
    at Scripts.moveToFinished (/app/free-access-hub/node_modules/bullmq/dist/cjs/classes/scripts.js:547:24)
    at process.processTicksAndRejections (node:internal/process/task_queues:103:5)
    at async /app/free-access-hub/node_modules/bullmq/dist/cjs/classes/job.js:471:28
    at async Worker.handleCompleted (/app/free-access-hub/node_modules/bullmq/dist/cjs/classes/worker.js:626:31)
    at async Worker.retryIfFailed (/app/free-access-hub/node_modules/bullmq/dist/cjs/classes/worker.js:870:24)
    at async /app/free-access-hub/node_modules/bullmq/dist/cjs/classes/worker.js:592:24 {
  code: -2
}
Error: Missing lock for job repeat:285ab11ca55e67920f46ff18f3f96313:1781486760000. moveToFinished
    at Scripts.finishedErrors (/app/free-access-hub/node_modules/bullmq/dist/cjs/classes/scripts.js:1238:25)
    at Scripts.moveToFinished (/app/free-access-hub/node_modules/bullmq/dist/cjs/classes/scripts.js:547:24)
    at process.processTicksAndRejections (node:internal/process/task_queues:103:5)
    at async /app/free-access-hub/node_modules/bullmq/dist/cjs/classes/job.js:544:26
    at async Worker.handleFailed (/app/free-access-hub/node_modules/bullmq/dist/cjs/classes/worker.js:662:28)
    at async Worker.retryIfFailed (/app/free-access-hub/node_modules/bullmq/dist/cjs/classes/worker.js:870:24)
    at async /app/free-access-hub/node_modules/bullmq/dist/cjs/classes/worker.js:598:32 {
  code: -2
}
Validation cycle complete.
Fetching Devpost API...
Fetching Reddit JSON...
Fetching HN Algolia...
Fetching ProductHunt RSS...
Fetching GitHub Issues...
Fetching HighApe Free Events...
Fetching CNCF Events...
Fetching GDG Events...
Fetching Atlassian Events...
Fetching Meetup Events for Bangalore%2C%20IN...
Fetching Meetup Events for Mumbai%2C%20IN...
Fetching Meetup Events for San%20Francisco%2C%20CA...
Fetching Meetup Events for New%20York%2C%20NY...
Fetching HasGeek Events...
Fetching Headstart Events...
Ingestion cycle complete. Published 82 active events.
Validation cycle complete.
Fetching Devpost API...
Fetching Reddit JSON...
Fetching HN Algolia...
Fetching ProductHunt RSS...
Fetching GitHub Issues...
Fetching HighApe Free Events...
Fetching CNCF Events...
Fetching GDG Events...
Fetching Atlassian Events...
Fetching Meetup Events for Bangalore%2C%20IN...
Fetching Meetup Events for Mumbai%2C%20IN...
Fetching Meetup Events for San%20Francisco%2C%20CA...
Fetching Meetup Events for New%20York%2C%20NY...
Fetching HasGeek Events...
Fetching Headstart Events...
Ingestion cycle complete. Published 82 active events.
Validation cycle complete.
Fetching Devpost API...
Fetching Reddit JSON...
Fetching HN Algolia...
Fetching ProductHunt RSS...
Fetching GitHub Issues...
Fetching HighApe Free Events...
Fetching CNCF Events...
Fetching GDG Events...
Fetching Atlassian Events...
Fetching Meetup Events for Bangalore%2C%20IN...
Fetching Meetup Events for Mumbai%2C%20IN...
Fetching Meetup Events for San%20Francisco%2C%20CA...
Fetching Meetup Events for New%20York%2C%20NY...
Fetching HasGeek Events...
Fetching Headstart Events...
Ingestion cycle complete. Published 82 active events.
Validation cycle complete.
Fetching Devpost API...
Fetching Reddit JSON...
Fetching HN Algolia...
Fetching ProductHunt RSS...
Fetching GitHub Issues...
Fetching HighApe Free Events...
Fetching CNCF Events...
Fetching GDG Events...
Fetching Atlassian Events...
Fetching Meetup Events for Bangalore%2C%20IN...
Fetching Meetup Events for Mumbai%2C%20IN...
Fetching Meetup Events for San%20Francisco%2C%20CA...
Fetching Meetup Events for New%20York%2C%20NY...
Fetching HasGeek Events...
Fetching Headstart Events...
Ingestion cycle complete. Published 82 active events.
Validation cycle complete.
Fetching Devpost API...
Fetching Reddit JSON...
Fetching HN Algolia...
Fetching ProductHunt RSS...
Fetching GitHub Issues...
Fetching HighApe Free Events...
Fetching CNCF Events...
Fetching GDG Events...
Fetching Atlassian Events...
Fetching Meetup Events for Bangalore%2C%20IN...
Fetching Meetup Events for Mumbai%2C%20IN...
Fetching Meetup Events for San%20Francisco%2C%20CA...
Fetching Meetup Events for New%20York%2C%20NY...
Fetching HasGeek Events...
Fetching Headstart Events...
Ingestion cycle complete. Published 82 active events.
